Script self: C:/Users/colli/OneDrive/Documents/EAGLE/ulps/OSHPark-Eagle-Tools-master/INSTALL.ulp
Script self dir: C:/Users/colli/OneDrive/Documents/EAGLE/ulps/OSHPark-Eagle-Tools-master/
File source dir: C:/Users/colli/OneDrive/Documents/EAGLE/ulps/OSHPark-Eagle-Tools-master/
ULP Dir: C:/Users/colli/OneDrive/Documents/EAGLE/ulps
SCR Dir: C:/Users/colli/OneDrive/Documents/EAGLE/scripts
BIN Dir: C:/Program Files/EAGLE 9.6.2/
Found Eagle Version 9.600000
Checking oshpark-install.ulp and C:/Users/colli/OneDrive/Documents/EAGLE/ulps/oshpark-install.ulp 
> Not found! Copying...
Checking oshpark-update.ulp and C:/Users/colli/OneDrive/Documents/EAGLE/ulps/oshpark-update.ulp 
> Not found! Copying...
Checking oshpark-upload.ulp and C:/Users/colli/OneDrive/Documents/EAGLE/ulps/oshpark-upload.ulp 
> Not found! Copying...
Checking oshpark-utility-includes.ulp and C:/Users/colli/OneDrive/Documents/EAGLE/ulps/oshpark-utility-includes.ulp 
> Not found! Copying...
Checking oshpark.ulp and C:/Users/colli/OneDrive/Documents/EAGLE/ulps/oshpark.ulp 
> Not found! Copying...
Checking oshpark.png and C:/Program Files/EAGLE 9.6.2//oshpark.png 
> Identical! Do nothing...
Checking oshpark-2layer-auto-routing.dru and C:/Users/colli/OneDrive/Documents/EAGLE/design rules/oshpark-2layer-auto-routing.dru 
> Identical! Do nothing...
Checking oshpark-2layer-tented.dru and C:/Users/colli/OneDrive/Documents/EAGLE/design rules/oshpark-2layer-tented.dru 
> Identical! Do nothing...
Checking oshpark-2layer.dru and C:/Users/colli/OneDrive/Documents/EAGLE/design rules/oshpark-2layer.dru 
> Identical! Do nothing...
Checking oshpark-4layer-tented.dru and C:/Users/colli/OneDrive/Documents/EAGLE/design rules/oshpark-4layer-tented.dru 
> Identical! Do nothing...
Checking oshpark-4layer.dru and C:/Users/colli/OneDrive/Documents/EAGLE/design rules/oshpark-4layer.dru 
> Identical! Do nothing...
Checking oshpark-2layer-with-milling-slot-paths.cam and C:/Users/colli/OneDrive/Documents/EAGLE/cam/oshpark-2layer-with-milling-slot-paths.cam 
> Identical! Do nothing...
Checking oshpark-2layer.cam and C:/Users/colli/OneDrive/Documents/EAGLE/cam/oshpark-2layer.cam 
> Identical! Do nothing...
Checking oshpark-4layer-with-milling-slot-paths.cam and C:/Users/colli/OneDrive/Documents/EAGLE/cam/oshpark-4layer-with-milling-slot-paths.cam 
> Identical! Do nothing...
Checking oshpark-4layer.cam and C:/Users/colli/OneDrive/Documents/EAGLE/cam/oshpark-4layer.cam 
> Identical! Do nothing...
Found a brd section from -1 to -1
??  ??
